\BOOKMARK [0][-]{dummy.1}{\376\377\000A\000b\000s\000t\000r\000a\000c\000t}{}
\BOOKMARK [0][-]{dummy.2}{\376\377\000C\000o\000n\000t\000e\000n\000t\000s}{}
\BOOKMARK [0][-]{dummy.4}{\376\377\000L\000i\000s\000t\000\040\000o\000f\000\040\000F\000i\000g\000u\000r\000e\000s}{}
\BOOKMARK [0][-]{dummy.6}{\376\377\000L\000i\000s\000t\000\040\000o\000f\000\040\000T\000a\000b\000l\000e\000s}{}
\BOOKMARK [0][-]{chapter.8}{\376\377\0001\000\040\000I\000n\000t\000r\000o\000d\000u\000c\000t\000i\000o\000n}{}
\BOOKMARK [1][-]{section.9}{\376\377\0001\000.\0001\000\040\000S\000y\000s\000t\000e\000m\000\040\000B\000i\000o\000l\000o\000g\000y}{chapter.8}
\BOOKMARK [1][-]{section.10}{\376\377\0001\000.\0002\000\040\000D\000y\000n\000a\000m\000i\000c\000\040\000M\000a\000t\000h\000e\000m\000a\000t\000i\000c\000a\000l\000\040\000m\000o\000d\000e\000l\000:\000\040\000w\000h\000a\000t\000\040\000a\000n\000d\000\040\000w\000h\000y\000\040\000i\000n\000\040\000S\000y\000s\000t\000e\000m\000\040\000b\000i\000o\000l\000o\000g\000y\000?}{chapter.8}
\BOOKMARK [1][-]{section.12}{\376\377\0001\000.\0003\000\040\000T\000h\000e\000\040\000S\000y\000s\000t\000e\000o\000m\000e\000\040\000P\000r\000o\000j\000e\000c\000t}{chapter.8}
\BOOKMARK [1][-]{section.13}{\376\377\0001\000.\0004\000\040\000C\000a\000e\000n\000o\000r\000h\000a\000b\000d\000i\000t\000i\000s\000\040\000e\000l\000e\000g\000a\000n\000s}{chapter.8}
\BOOKMARK [1][-]{section.15}{\376\377\0001\000.\0005\000\040\000T\000r\000a\000n\000s\000c\000r\000i\000p\000t\000i\000o\000n}{chapter.8}
\BOOKMARK [1][-]{section.19}{\376\377\0001\000.\0006\000\040\000T\000r\000a\000n\000s\000c\000r\000i\000p\000t\000i\000o\000n\000\040\000F\000a\000c\000t\000o\000r}{chapter.8}
\BOOKMARK [1][-]{section.20}{\376\377\0001\000.\0007\000\040\000K\000e\000y\000\040\000R\000e\000s\000e\000a\000r\000c\000h\000\040\000Q\000u\000e\000s\000t\000i\000o\000n\000s}{chapter.8}
\BOOKMARK [0][-]{chapter.21}{\376\377\0002\000\040\000D\000y\000n\000a\000m\000i\000c\000\040\000M\000o\000d\000e\000l\000l\000i\000n\000g\000\040\000o\000f\000\040\000T\000F\000A\000s}{}
\BOOKMARK [1][-]{section.22}{\376\377\0002\000.\0001\000\040\000G\000e\000n\000e\000\040\000E\000x\000p\000r\000e\000s\000s\000i\000o\000n\000\040\000D\000a\000t\000a\000\040\000f\000o\000r\000\040\000G\000e\000n\000o\000m\000i\000c\000s\000\040}{chapter.21}
\BOOKMARK [1][-]{section.25}{\376\377\0002\000.\0002\000\040\000C\000o\000n\000n\000e\000c\000t\000i\000v\000i\000t\000y\000\040\000I\000n\000f\000o\000r\000m\000a\000t\000i\000o\000n}{chapter.21}
\BOOKMARK [1][-]{section.26}{\376\377\0002\000.\0003\000\040\000D\000i\000f\000f\000e\000r\000e\000n\000t\000\040\000m\000o\000d\000e\000l\000s\000\040\000o\000f\000\040\000T\000F\000A\000s}{chapter.21}
\BOOKMARK [1][-]{section.27}{\376\377\0002\000.\0004\000\040\000O\000u\000r\000\040\000G\000o\000a\000l}{chapter.21}
\BOOKMARK [0][-]{chapter.28}{\376\377\0003\000\040\000P\000r\000o\000b\000a\000b\000i\000l\000i\000s\000t\000i\000c\000\040\000D\000y\000n\000a\000m\000i\000c\000\040\000M\000o\000d\000e\000l\000l\000i\000n\000g}{}
\BOOKMARK [1][-]{section.29}{\376\377\0003\000.\0001\000\040\000P\000r\000o\000b\000a\000b\000i\000l\000i\000s\000t\000i\000c\000\040\000M\000o\000d\000e\000l\000l\000i\000n\000g}{chapter.28}
\BOOKMARK [1][-]{section.37}{\376\377\0003\000.\0002\000\040\000D\000a\000t\000a\000s\000e\000t\000s}{chapter.28}
\BOOKMARK [2][-]{subsection.38}{\376\377\0003\000.\0002\000.\0001\000\040\000T\000i\000m\000e\000\040\000s\000e\000r\000i\000e\000s\000\040\000d\000a\000t\000a}{section.37}
\BOOKMARK [2][-]{subsection.40}{\376\377\0003\000.\0002\000.\0002\000\040\000T\000r\000a\000n\000s\000c\000r\000i\000p\000t\000i\000o\000n\000\040\000F\000a\000c\000t\000o\000r\000s}{section.37}
\BOOKMARK [2][-]{subsection.41}{\376\377\0003\000.\0002\000.\0003\000\040\000C\000o\000n\000n\000e\000c\000t\000i\000v\000i\000t\000y\000\040\000I\000n\000f\000o\000r\000m\000a\000t\000i\000o\000n}{section.37}
\BOOKMARK [1][-]{section.42}{\376\377\0003\000.\0003\000\040\000R\000e\000s\000u\000l\000t\000\040\000A\000n\000a\000l\000y\000s\000i\000s}{chapter.28}
\BOOKMARK [2][-]{subsection.45}{\376\377\0003\000.\0003\000.\0001\000\040\000G\000e\000n\000e\000\040\000w\000i\000t\000h\000\040\000m\000u\000l\000t\000i\000p\000l\000e\000\040\000r\000e\000g\000u\000l\000a\000t\000o\000r\000s}{section.42}
\BOOKMARK [2][-]{subsection.47}{\376\377\0003\000.\0003\000.\0002\000\040\000D\000i\000f\000f\000e\000r\000e\000n\000t\000\040\000c\000l\000u\000s\000t\000e\000r\000s\000\040\000a\000n\000d\000\040\000c\000o\000r\000r\000e\000s\000p\000o\000n\000d\000i\000n\000g\000\040\000a\000c\000t\000i\000v\000e\000\040\000T\000F}{section.42}
\BOOKMARK [1][-]{section.52}{\376\377\0003\000.\0004\000\040\000R\000a\000n\000k\000i\000n\000g\000\040\000D\000i\000f\000f\000e\000r\000e\000n\000t\000i\000a\000l\000l\000y\000\040\000e\000x\000p\000r\000e\000s\000s\000e\000d\000\040\000g\000e\000n\000e\000\040\000e\000x\000p\000r\000e\000s\000s\000i\000o\000n\000s}{chapter.28}
\BOOKMARK [0][-]{chapter.54}{\376\377\0004\000\040\000G\000a\000u\000s\000s\000i\000a\000n\000\040\000P\000r\000o\000c\000e\000s\000s\000\040\000R\000e\000g\000r\000e\000s\000s\000i\000o\000n}{}
\BOOKMARK [1][-]{section.55}{\376\377\0004\000.\0001\000\040\000B\000r\000i\000e\000f\000\040\000H\000i\000s\000t\000o\000r\000y\000\040\000o\000f\000\040\000G\000a\000u\000s\000s\000i\000a\000n\000\040\000P\000r\000o\000c\000e\000s\000s}{chapter.54}
\BOOKMARK [1][-]{section.56}{\376\377\0004\000.\0002\000\040\000T\000h\000e\000\040\000R\000e\000g\000r\000e\000s\000s\000i\000o\000n\000\040\000P\000r\000o\000b\000l\000e\000m}{chapter.54}
\BOOKMARK [1][-]{section.61}{\376\377\0004\000.\0003\000\040\000G\000a\000u\000s\000s\000i\000a\000n\000\040\000P\000r\000o\000c\000e\000s\000s\000\040\000d\000e\000f\000i\000n\000i\000t\000i\000o\000n}{chapter.54}
\BOOKMARK [1][-]{section.66}{\376\377\0004\000.\0004\000\040\000G\000P\000:\000\040\000C\000o\000v\000a\000r\000i\000a\000n\000c\000e\000s}{chapter.54}
\BOOKMARK [2][-]{subsection.67}{\376\377\0004\000.\0004\000.\0001\000\040\000E\000x\000p\000o\000n\000e\000n\000t\000i\000a\000t\000e\000d\000\040\000Q\000u\000a\000d\000r\000a\000t\000i\000c\000\040\000c\000o\000v\000a\000r\000i\000a\000n\000c\000e\000\040\000f\000u\000n\000c\000t\000i\000o\000n}{section.66}
\BOOKMARK [2][-]{subsection.70}{\376\377\0004\000.\0004\000.\0002\000\040\000R\000a\000t\000i\000o\000n\000a\000l\000\040\000Q\000u\000a\000d\000r\000a\000t\000i\000c\000\040\000c\000o\000v\000a\000r\000i\000a\000n\000c\000e\000\040\000f\000u\000n\000c\000t\000i\000o\000n}{section.66}
\BOOKMARK [2][-]{subsection.73}{\376\377\0004\000.\0004\000.\0003\000\040\000T\000h\000e\000\040\000M\000a\000t\000\351\000r\000n\000\040\000c\000o\000v\000a\000r\000i\000a\000n\000c\000e\000\040\000f\000u\000n\000c\000t\000i\000o\000n}{section.66}
\BOOKMARK [2][-]{subsection.79}{\376\377\0004\000.\0004\000.\0004\000\040\000T\000h\000e\000\040\000O\000r\000n\000s\000t\000e\000i\000n\000-\000U\000h\000l\000e\000n\000b\000e\000c\000k\000\040\000P\000r\000o\000c\000e\000s\000s}{section.66}
\BOOKMARK [1][-]{section.84}{\376\377\0004\000.\0005\000\040\000G\000a\000u\000s\000s\000i\000a\000n\000\040\000P\000r\000o\000c\000e\000s\000s\000\040\000R\000e\000g\000r\000e\000s\000s\000i\000o\000n}{chapter.54}
\BOOKMARK [2][-]{subsection.89}{\376\377\0004\000.\0005\000.\0001\000\040\000M\000a\000k\000i\000n\000g\000\040\000p\000r\000e\000d\000i\000c\000t\000i\000o\000n}{section.84}
\BOOKMARK [2][-]{subsection.94}{\376\377\0004\000.\0005\000.\0002\000\040\000H\000y\000p\000e\000r\000p\000a\000r\000a\000m\000e\000t\000e\000r\000\040\000L\000e\000a\000r\000n\000i\000n\000g}{section.84}
\BOOKMARK [1][-]{section.97}{\376\377\0004\000.\0006\000\040\000T\000o\000w\000a\000r\000d\000\040\000t\000h\000e\000\040\000G\000P\000\040\000m\000o\000d\000e\000l\000\040\000o\000f\000\040\000T\000F\000A}{chapter.54}
\BOOKMARK [0][-]{chapter.112}{\376\377\0005\000\040\000G\000a\000u\000s\000s\000i\000a\000n\000\040\000P\000r\000o\000c\000e\000s\000s\000\040\000M\000o\000d\000e\000l\000\040\000o\000f\000\040\000G\000e\000n\000e\000\040\000E\000x\000p\000r\000e\000s\000s\000i\000o\000n\000s}{}
\BOOKMARK [1][-]{section.113}{\376\377\0005\000.\0001\000\040\000M\000o\000d\000e\000l\000\040\000f\000o\000r\000\040\000T\000r\000a\000n\000s\000c\000r\000i\000p\000t\000i\000o\000n\000\040\000F\000a\000c\000t\000o\000r\000\040\000A\000c\000t\000i\000v\000i\000t\000i\000e\000s}{chapter.112}
\BOOKMARK [1][-]{section.115}{\376\377\0005\000.\0002\000\040\000R\000e\000l\000a\000t\000i\000o\000n\000\040\000t\000o\000\040\000G\000e\000n\000e\000\040\000E\000x\000p\000r\000e\000s\000s\000i\000o\000n\000s}{chapter.112}
\BOOKMARK [1][-]{section.118}{\376\377\0005\000.\0003\000\040\000G\000a\000u\000s\000s\000i\000a\000n\000\040\000P\000r\000o\000c\000e\000s\000s\000\040\000M\000o\000d\000e\000l\000\040\000o\000f\000\040\000G\000e\000n\000e\000\040\000E\000x\000p\000r\000e\000s\000s\000i\000o\000n}{chapter.112}
\BOOKMARK [1][-]{section.122}{\376\377\0005\000.\0004\000\040\000T\000h\000e\000\040\000M\000a\000i\000n\000\040\000C\000o\000m\000p\000u\000t\000a\000t\000i\000o\000n\000a\000l\000\040\000T\000r\000i\000c\000k}{chapter.112}
\BOOKMARK [2][-]{subsection.123}{\376\377\0005\000.\0004\000.\0001\000\040\000R\000o\000t\000a\000t\000i\000n\000g\000\040\000t\000h\000e\000\040\000B\000a\000s\000i\000s\000\040\000o\000f\000\040\000a\000\040\000M\000u\000l\000t\000i\000v\000a\000r\000i\000a\000t\000e\000\040\000G\000a\000u\000s\000s\000i\000a\000n}{section.122}
\BOOKMARK [2][-]{subsection.126}{\376\377\0005\000.\0004\000.\0002\000\040\000A\000\040\000K\000r\000o\000n\000e\000c\000k\000e\000r\000\040\000R\000o\000t\000a\000t\000i\000o\000n}{section.122}
\BOOKMARK [1][-]{section.139}{\376\377\0005\000.\0005\000\040\000M\000a\000k\000i\000n\000g\000\040\000p\000r\000e\000d\000i\000c\000t\000i\000o\000n}{chapter.112}
\BOOKMARK [0][-]{chapter.152}{\376\377\0006\000\040\000C\000o\000n\000c\000l\000u\000s\000i\000o\000n\000\040\000a\000n\000d\000\040\000F\000u\000t\000u\000r\000e\000\040\000w\000o\000r\000k}{}
\BOOKMARK [1][-]{section.153}{\376\377\0006\000.\0001\000\040\000F\000u\000t\000u\000r\000e\000\040\000W\000o\000r\000k}{chapter.152}
\BOOKMARK [0][-]{appendix.154}{\376\377\000A\000\040\000S\000u\000m\000m\000e\000r\000y\000\040\000o\000f\000\040\000D\000D\000P\000\040\000P\000r\000o\000g\000r\000e\000s\000s}{}
\BOOKMARK [1][-]{section.155}{\376\377\000A\000.\0001\000\040\000P\000o\000s\000t\000e\000r\000s\000\040\000P\000r\000e\000s\000e\000n\000t\000a\000t\000i\000o\000n\000\040\000a\000n\000d\000\040\000t\000a\000l\000k\000s}{appendix.154}
\BOOKMARK [2][-]{subsection.156}{\376\377\000A\000.\0001\000.\0001\000\040\000P\000o\000s\000t\000e\000r\000s}{section.155}
\BOOKMARK [2][-]{subsection.157}{\376\377\000A\000.\0001\000.\0002\000\040\000W\000o\000r\000k\000s\000h\000o\000p\000\040\000N\000o\000t\000e\000b\000o\000o\000k}{section.155}
\BOOKMARK [2][-]{subsection.158}{\376\377\000A\000.\0001\000.\0003\000\040\000T\000a\000l\000k\000s}{section.155}
\BOOKMARK [1][-]{section.159}{\376\377\000A\000.\0002\000\040\000P\000a\000r\000t\000i\000c\000i\000p\000a\000t\000i\000o\000n\000\040\000i\000n\000\040\000C\000o\000n\000f\000e\000r\000e\000n\000c\000e\000,\000\040\000W\000o\000r\000k\000s\000h\000o\000p\000\040\000a\000n\000d\000\040\000S\000u\000m\000m\000e\000r\000\040\000s\000c\000h\000o\000o\000l\000s}{appendix.154}
\BOOKMARK [1][-]{section.160}{\376\377\000A\000.\0003\000\040\000D\000e\000m\000o\000n\000s\000t\000r\000a\000t\000i\000o\000n}{appendix.154}
\BOOKMARK [1][-]{section.161}{\376\377\000A\000.\0004\000\040\000P\000a\000r\000t\000i\000c\000i\000p\000a\000t\000i\000o\000n\000\040\000i\000n\000\040\000D\000D\000P\000\040\000C\000o\000u\000r\000s\000e\000s}{appendix.154}
\BOOKMARK [1][-]{section.162}{\376\377\000A\000.\0005\000\040\000O\000t\000h\000e\000r\000\040\000a\000c\000t\000i\000v\000i\000t\000i\000e\000s\000\040\000r\000e\000l\000a\000t\000e\000d\000\040\000t\000o\000\040\000D\000D\000P}{appendix.154}
\BOOKMARK [0][-]{dummy.163}{\376\377\000B\000i\000b\000l\000i\000o\000g\000r\000a\000p\000h\000y}{}
